\BOOKMARK [0][-]{chapter*.1}{\376\377\000R\000e\000s\000u\000m\000o}{}% 1
\BOOKMARK [0][-]{chapter*.2}{\376\377\000A\000b\000s\000t\000r\000a\000c\000t}{}% 2
\BOOKMARK [0][-]{chapter*.3}{\376\377\000C\000o\000n\000t\000e\000\372\000d\000o}{}% 3
\BOOKMARK [0][-]{chapter*.4}{\376\377\000L\000i\000s\000t\000a\000\040\000d\000e\000\040\000F\000i\000g\000u\000r\000a\000s}{}% 4
\BOOKMARK [0][-]{chapter*.5}{\376\377\000L\000i\000s\000t\000a\000\040\000d\000e\000\040\000T\000a\000b\000e\000l\000a\000s}{}% 5
\BOOKMARK [0][-]{chapter.1}{\376\377\000I\000n\000t\000r\000o\000d\000u\000\347\000\343\000o}{}% 6
\BOOKMARK [1][-]{section.1.1}{\376\377\000E\000n\000q\000u\000a\000d\000r\000a\000m\000e\000n\000t\000o}{chapter.1}% 7
\BOOKMARK [1][-]{section.1.2}{\376\377\000M\000o\000t\000i\000v\000a\000\347\000\343\000o\000\040\000e\000\040\000I\000d\000e\000n\000t\000i\000f\000i\000c\000a\000\347\000\343\000o\000\040\000d\000o\000\040\000P\000r\000o\000b\000l\000e\000m\000a}{chapter.1}% 8
\BOOKMARK [1][-]{section.1.3}{\376\377\000O\000b\000j\000e\000t\000i\000v\000o\000s}{chapter.1}% 9
\BOOKMARK [1][-]{section.1.4}{\376\377\000E\000s\000t\000r\000u\000t\000u\000r\000a\000\040\000d\000o\000\040\000D\000o\000c\000u\000m\000e\000n\000t\000o}{chapter.1}% 10
\BOOKMARK [0][-]{chapter.2}{\376\377\000P\000e\000r\000t\000i\000n\000\352\000n\000c\000i\000a\000\040\000e\000\040\000V\000i\000a\000b\000i\000l\000i\000d\000a\000d\000e}{}% 11
\BOOKMARK [1][-]{section.2.1}{\376\377\000P\000e\000r\000t\000i\000n\000\352\000n\000c\000i\000a}{chapter.2}% 12
\BOOKMARK [1][-]{section.2.2}{\376\377\000V\000i\000a\000b\000i\000l\000i\000d\000a\000d\000e}{chapter.2}% 13
\BOOKMARK [1][-]{section.2.3}{\376\377\000A\000n\000\341\000l\000i\000s\000e\000\040\000C\000o\000m\000p\000a\000r\000a\000t\000i\000v\000a\000\040\000c\000o\000m\000\040\000S\000o\000l\000u\000\347\000\365\000e\000s\000\040\000E\000x\000i\000s\000t\000e\000n\000t\000e\000s}{chapter.2}% 14
\BOOKMARK [2][-]{subsection.2.3.1}{\376\377\000S\000o\000l\000u\000\347\000\365\000e\000s\000\040\000E\000x\000i\000s\000t\000e\000n\000t\000e\000s}{section.2.3}% 15
\BOOKMARK [2][-]{subsection.2.3.2}{\376\377\000A\000n\000\341\000l\000i\000s\000e\000\040\000d\000e\000\040\000B\000e\000n\000c\000h\000m\000a\000r\000k\000i\000n\000g}{section.2.3}% 16
\BOOKMARK [1][-]{section.2.4}{\376\377\000P\000r\000o\000p\000o\000s\000t\000a\000\040\000d\000e\000\040\000I\000n\000o\000v\000a\000\347\000\343\000o\000\040\000e\000\040\000M\000a\000i\000s\000-\000V\000a\000l\000i\000a\000s}{chapter.2}% 17
\BOOKMARK [1][-]{section.2.5}{\376\377\000I\000d\000e\000n\000t\000i\000f\000i\000c\000a\000\347\000\343\000o\000\040\000d\000e\000\040\000O\000p\000o\000r\000t\000u\000n\000i\000d\000a\000d\000e\000\040\000d\000e\000\040\000N\000e\000g\000\363\000c\000i\000o}{chapter.2}% 18
\BOOKMARK [0][-]{chapter.3}{\376\377\000E\000s\000p\000e\000c\000i\000f\000i\000c\000a\000\347\000\343\000o\000\040\000e\000\040\000M\000o\000d\000e\000l\000a\000\347\000\343\000o}{}% 19
\BOOKMARK [1][-]{section.3.1}{\376\377\000A\000n\000\341\000l\000i\000s\000e\000\040\000d\000e\000\040\000R\000e\000q\000u\000i\000s\000i\000t\000o\000s}{chapter.3}% 20
\BOOKMARK [1][-]{section.3.2}{\376\377\000M\000o\000d\000e\000l\000a\000\347\000\343\000o\000\040\000d\000a\000\040\000S\000o\000l\000u\000\347\000\343\000o}{chapter.3}% 21
\BOOKMARK [2][-]{subsection.3.2.1}{\376\377\000A\000r\000q\000u\000i\000t\000e\000t\000u\000r\000a\000\040\000d\000a\000\040\000S\000o\000l\000u\000\347\000\343\000o}{section.3.2}% 22
\BOOKMARK [2][-]{subsection.3.2.2}{\376\377\000M\000o\000d\000e\000l\000o\000\040\000d\000e\000\040\000D\000a\000d\000o\000s}{section.3.2}% 23
\BOOKMARK [2][-]{subsection.3.2.3}{\376\377\000A\000P\000I\000\040\000R\000E\000S\000T\000f\000u\000l}{section.3.2}% 24
\BOOKMARK [1][-]{section.3.3}{\376\377\000P\000r\000o\000t\000\363\000t\000i\000p\000o\000s\000\040\000d\000e\000\040\000I\000n\000t\000e\000r\000f\000a\000c\000e}{chapter.3}% 25
\BOOKMARK [2][-]{subsection.3.3.1}{\376\377\000M\000a\000p\000a\000\040\000d\000e\000\040\000N\000a\000v\000e\000g\000a\000\347\000\343\000o}{section.3.3}% 26
\BOOKMARK [2][-]{subsection.3.3.2}{\376\377\000P\000r\000i\000n\000c\000i\000p\000a\000i\000s\000\040\000I\000n\000t\000e\000r\000f\000a\000c\000e\000s}{section.3.3}% 27
\BOOKMARK [0][-]{chapter.4}{\376\377\000S\000o\000l\000u\000\347\000\343\000o\000\040\000P\000r\000o\000p\000o\000s\000t\000a}{}% 28
\BOOKMARK [1][-]{section.4.1}{\376\377\000A\000r\000q\000u\000i\000t\000e\000t\000u\000r\000a\000\040\000d\000a\000\040\000S\000o\000l\000u\000\347\000\343\000o}{chapter.4}% 29
\BOOKMARK [1][-]{section.4.2}{\376\377\000T\000e\000c\000n\000o\000l\000o\000g\000i\000a\000s\000\040\000e\000\040\000F\000e\000r\000r\000a\000m\000e\000n\000t\000a\000s\000\040\000U\000t\000i\000l\000i\000z\000a\000d\000a\000s}{chapter.4}% 30
\BOOKMARK [1][-]{section.4.3}{\376\377\000C\000o\000m\000p\000o\000n\000e\000n\000t\000e\000s\000\040\000d\000a\000\040\000S\000o\000l\000u\000\347\000\343\000o}{chapter.4}% 31
\BOOKMARK [2][-]{subsection.4.3.1}{\376\377\000F\000r\000o\000n\000t\000e\000n\000d}{section.4.3}% 32
\BOOKMARK [2][-]{subsection.4.3.2}{\376\377\000B\000a\000c\000k\000e\000n\000d}{section.4.3}% 33
\BOOKMARK [0][-]{chapter.5}{\376\377\000T\000e\000s\000t\000e\000s\000\040\000e\000\040\000V\000a\000l\000i\000d\000a\000\347\000\343\000o}{}% 34
\BOOKMARK [1][-]{section.5.1}{\376\377\000I\000n\000t\000r\000o\000d\000u\000\347\000\343\000o}{chapter.5}% 35
\BOOKMARK [1][-]{section.5.2}{\376\377\000P\000l\000a\000n\000o\000\040\000d\000e\000\040\000T\000e\000s\000t\000e\000s}{chapter.5}% 36
\BOOKMARK [2][-]{subsection.5.2.1}{\376\377\000P\000a\000r\000t\000i\000c\000i\000p\000a\000n\000t\000e\000s\000\040\000e\000\040\000P\000e\000r\000f\000i\000s\000\040\000d\000e\000\040\000T\000e\000s\000t\000e}{section.5.2}% 37
\BOOKMARK [2][-]{subsection.5.2.2}{\376\377\000C\000e\000n\000\341\000r\000i\000o\000s\000\040\000e\000\040\000T\000a\000r\000e\000f\000a\000s\000\040\000P\000r\000i\000n\000c\000i\000p\000a\000i\000s}{section.5.2}% 38
\BOOKMARK [2][-]{subsection.5.2.3}{\376\377\000A\000m\000b\000i\000e\000n\000t\000e\000\040\000d\000e\000\040\000T\000e\000s\000t\000e}{section.5.2}% 39
\BOOKMARK [1][-]{section.5.3}{\376\377\000R\000e\000c\000o\000l\000h\000a\000\040\000e\000\040\000A\000n\000\341\000l\000i\000s\000e\000\040\000d\000e\000\040\000D\000a\000d\000o\000s}{chapter.5}% 40
\BOOKMARK [0][-]{chapter.6}{\376\377\000M\000\351\000t\000o\000d\000o\000\040\000e\000\040\000P\000l\000a\000n\000e\000a\000m\000e\000n\000t\000o}{}% 41
\BOOKMARK [1][-]{section.6.1}{\376\377\000M\000e\000t\000o\000d\000o\000l\000o\000g\000i\000a\000\040\000d\000e\000\040\000D\000e\000s\000e\000n\000v\000o\000l\000v\000i\000m\000e\000n\000t\000o}{chapter.6}% 42
\BOOKMARK [2][-]{subsection.6.1.1}{\376\377\000P\000r\000i\000n\000c\000\355\000p\000i\000o\000s\000\040\000M\000e\000t\000o\000d\000o\000l\000\363\000g\000i\000c\000o\000s}{section.6.1}% 43
\BOOKMARK [2][-]{subsection.6.1.2}{\376\377\000O\000r\000g\000a\000n\000i\000z\000a\000\347\000\343\000o\000\040\000d\000o\000\040\000T\000r\000a\000b\000a\000l\000h\000o}{section.6.1}% 44
\BOOKMARK [1][-]{section.6.2}{\376\377\000P\000l\000a\000n\000e\000a\000m\000e\000n\000t\000o\000\040\000e\000\040\000C\000r\000o\000n\000o\000g\000r\000a\000m\000a}{chapter.6}% 45
\BOOKMARK [2][-]{subsection.6.2.1}{\376\377\000F\000a\000s\000e\000s\000\040\000d\000o\000\040\000P\000r\000o\000j\000e\000t\000o}{section.6.2}% 46
\BOOKMARK [1][-]{section.6.3}{\376\377\000A\000n\000\341\000l\000i\000s\000e\000\040\000C\000r\000\355\000t\000i\000c\000a\000\040\000a\000o\000\040\000P\000l\000a\000n\000e\000a\000m\000e\000n\000t\000o}{chapter.6}% 47
\BOOKMARK [2][-]{subsection.6.3.1}{\376\377\000P\000r\000o\000g\000r\000e\000s\000s\000o\000\040\000R\000e\000a\000l\000i\000z\000a\000d\000o}{section.6.3}% 48
\BOOKMARK [2][-]{subsection.6.3.2}{\376\377\000D\000e\000s\000a\000f\000i\000o\000s\000\040\000E\000n\000c\000o\000n\000t\000r\000a\000d\000o\000s\000\040\000e\000\040\000A\000d\000a\000p\000t\000a\000\347\000\365\000e\000s\000\040\000a\000o\000\040\000P\000l\000a\000n\000o}{section.6.3}% 49
\BOOKMARK [2][-]{subsection.6.3.3}{\376\377\000I\000m\000p\000l\000i\000c\000a\000\347\000\365\000e\000s\000\040\000n\000o\000\040\000P\000l\000a\000n\000e\000a\000m\000e\000n\000t\000o\000\040\000F\000u\000t\000u\000r\000o}{section.6.3}% 50
\BOOKMARK [0][-]{chapter.7}{\376\377\000R\000e\000s\000u\000l\000t\000a\000d\000o\000s}{}% 51
\BOOKMARK [1][-]{section.7.1}{\376\377\000A\000p\000r\000e\000s\000e\000n\000t\000a\000\347\000\343\000o\000\040\000d\000a\000\040\000P\000l\000a\000t\000a\000f\000o\000r\000m\000a}{chapter.7}% 52
\BOOKMARK [1][-]{section.7.2}{\376\377\000R\000e\000s\000u\000l\000t\000a\000d\000o\000s\000\040\000d\000a\000\040\000I\000m\000p\000l\000e\000m\000e\000n\000t\000a\000\347\000\343\000o}{chapter.7}% 53
\BOOKMARK [2][-]{subsection.7.2.1}{\376\377\000C\000\341\000l\000c\000u\000l\000o\000\040\000d\000e\000\040\000I\000n\000t\000e\000r\000-\000A\000n\000n\000o\000t\000a\000t\000o\000r\000\040\000A\000g\000r\000e\000e\000m\000e\000n\000t\000\040\000\050\000I\000A\000A\000\051}{section.7.2}% 54
\BOOKMARK [2][-]{subsection.7.2.2}{\376\377\000G\000e\000s\000t\000\343\000o\000\040\000d\000e\000\040\000P\000r\000o\000j\000e\000t\000o\000s\000\040\000e\000\040\000U\000t\000i\000l\000i\000z\000a\000d\000o\000r\000e\000s}{section.7.2}% 55
\BOOKMARK [2][-]{subsection.7.2.3}{\376\377\000I\000m\000p\000o\000r\000t\000a\000\347\000\343\000o\000\040\000e\000\040\000E\000x\000p\000o\000r\000t\000a\000\347\000\343\000o\000\040\000d\000e\000\040\000D\000a\000d\000o\000s}{section.7.2}% 56
\BOOKMARK [1][-]{section.7.3}{\376\377\000D\000o\000c\000u\000m\000e\000n\000t\000a\000\347\000\343\000o\000\040\000T\000\351\000c\000n\000i\000c\000a\000\040\000d\000a\000\040\000A\000P\000I}{chapter.7}% 57
\BOOKMARK [0][-]{chapter.8}{\376\377\000C\000o\000n\000c\000l\000u\000s\000\343\000o}{}% 58
\BOOKMARK [1][-]{section.8.1}{\376\377\000C\000o\000n\000c\000l\000u\000s\000\343\000o}{chapter.8}% 59
\BOOKMARK [1][-]{section.8.2}{\376\377\000T\000r\000a\000b\000a\000l\000h\000o\000s\000\040\000F\000u\000t\000u\000r\000o\000s}{chapter.8}% 60
\BOOKMARK [0][-]{section.8.2}{\376\377\000R\000e\000f\000e\000r\000\352\000n\000c\000i\000a\000s\000\040\000B\000i\000b\000l\000i\000o\000g\000r\000\341\000f\000i\000c\000a\000s}{}% 61
